Traceback (most recent call last):
  File "C:\Users\BK\anaconda3\Lib\site-packages\jupyter_cache\executors\utils.py", line 58, in single_nb_execution
    executenb(
  File "C:\Users\BK\anaconda3\Lib\site-packages\nbclient\client.py", line 1305, in execute
    return NotebookClient(nb=nb, resources=resources, km=km, **kwargs).execute()
           ^^^^^^^^^^^^^^^^^^^^^^^^^^^^^^^^^^^^^^^^^^^^^^^^^^^^^^^^^^^^^^^^^^^^^
  File "C:\Users\BK\anaconda3\Lib\site-packages\jupyter_core\utils\__init__.py", line 165, in wrapped
    return loop.run_until_complete(inner)
           ^^^^^^^^^^^^^^^^^^^^^^^^^^^^^^
  File "C:\Users\BK\anaconda3\Lib\asyncio\base_events.py", line 687, in run_until_complete
    return future.result()
           ^^^^^^^^^^^^^^^
  File "C:\Users\BK\anaconda3\Lib\site-packages\nbclient\client.py", line 705, in async_execute
    await self.async_execute_cell(
  File "C:\Users\BK\anaconda3\Lib\site-packages\nbclient\client.py", line 1058, in async_execute_cell
    await self._check_raise_for_error(cell, cell_index, exec_reply)
  File "C:\Users\BK\anaconda3\Lib\site-packages\nbclient\client.py", line 914, in _check_raise_for_error
    raise CellExecutionError.from_cell_and_msg(cell, exec_reply_content)
nbclient.exceptions.CellExecutionError: An error occurred while executing the following cell:
------------------
# First, we import all the things we need

# enable animation in jupyter 
%matplotlib widget

import numpy as np # numeric tools
import plotly.graph_objs as go # special features for graphing 
from ipywidgets import interactive, IntSlider, FloatSlider, HBox, VBox, Label, Button, Output, Layout # tools for interaction
from IPython.display import display # we need this to display within the notebook environment

# Define the simulation procedure, which will also serve as an 
# 'objective function' for finding the optimal value for the 
# switchniness variable. The first line specifies the variables 
# that the function expects. If no default value is specified, then 
# either the variable has to be 'global' (a poor programming practice) 
# or it has to be specified. The list of variables after def simulation(...
# have to be supplied to the function. Look below to see where it is
# 'called'.
def simulation(switchiness, rate_1, rate_2, magnitude_1, magnitude_2, summed_magnitude_1, summed_magnitude_2, timeSteps_1, timeSteps_2, timeSteps):

    # Initialize the prevalences and duck distributions 
    # by filling them with zeros
    prevalence_1 = np.zeros(timeSteps) # an array of timeSteps 0s
    prevalence_2 = np.zeros(timeSteps)
    duckDistribution_1 = np.zeros(timeSteps)
    duckDistribution_2 = np.zeros(timeSteps)

    # Start with the initial prevalences and duck distributions; note that 
    # summed_magnitude_1 and timeSteps_1 are variables we can send to the 
    # function. They serve to set prior probabiities for prevalence. That is, 
    # we use them to set a baseline assumption about how prevalent the ducks 
    # 'assume' food is at each source (a scenario where we would typically 
    # assume 50/50 in the absence of other information). But we can also use 
    # these to look at how quickly the ducks would adjust if the prevalences 
    # changed at some point. For example, we could set the prior to be a ratio
    # of 2:1. If we set the previous time steps to large values, it will take 
    # longer for a new ratio to 'settle', because we will accumulate new info
    # via these variables (see below).
    prevalence_1[0] = summed_magnitude_1 / timeSteps_1 # food per time
    prevalence_2[0] = summed_magnitude_2 / timeSteps_2
    duckDistribution_1[0] = 0.5 # we should calculate this rather than set it
    duckDistribution_2[0] = 0.5

    # Compute the prevalences and duck distributions over time
    for t in range(1, timeSteps):
        # Update the prevalences and time steps if a source disburses food
        #    Note: The '%' (modulus) operator checks whether t is divisible by 
        #    rate_1 (or rate_2) by seeing if there is a remainder if you divide 
        #    (no remainder means divisible by). 
        if t % rate_1 == 0:
            summed_magnitude_1 += magnitude_1
            #prevalence_1[t] = summed_magnitude_1 / timeSteps_1
        else:
            # If no food, we keep our old prevalence; an alternative would be to 
            # just recalculate prevalence whether food is disbursed or not
            prevalence_1[t] = prevalence_1[t-1]
        
        prevalence_1[t] = summed_magnitude_1 / timeSteps_1
            
        if t % rate_2 == 0:
            summed_magnitude_2 += magnitude_2
            #prevalence_2[t] = summed_magnitude_2 / timeSteps_2
        else:
            # If no food, we keep our old prevalence; an alternative would be to 
            # just recalculate prevalence whether food is disbursed or not
            prevalence_2[t] = prevalence_2[t-1]
            
        prevalence_2[t] = summed_magnitude_2 / timeSteps_2

        # increment both time steps
        timeSteps_1 += 1
        timeSteps_2 += 1

        # Compute the unnormalized weights for each source by scaling (nonlinearly) 
        # by switchiness
        weight_1 = np.exp(switchiness * prevalence_1[t])
        weight_2 = np.exp(switchiness * prevalence_2[t])
        #   --> Note - to see the impact of the exponential function, uncomment 
        #       the next two lines and comment out the previous 2 lines
        #weight_1 = (switchiness * prevalence_1[t])
        #weight_2 = (switchiness * prevalence_2[t])

        # Normalize the weights (making them like probabilities) to get the duck distributions
        duckDistribution_1[t] = weight_1 / (weight_1 + weight_2)
        duckDistribution_2[t] = weight_2 / (weight_1 + weight_2)

    # return sends the listed values back to the point where this function was called
    return prevalence_1, prevalence_2, duckDistribution_1, duckDistribution_2

def create_sliders(rate_1, rate_2, magnitude_1, magnitude_2, switchiness, timeSteps, summed_magnitude_1, summed_magnitude_2, timeSteps_1, timeSteps_2):
    """Create sliders for the parameters."""
    
    # define custom layout; make it wide enough so slider labels are visible
    custom_layout = Layout(width='1000px')
    style = {'description_width': 'initial'}  # Set the description width to its content


    sliders = [
        IntSlider(min=1, max=10, step=1, value=rate_1, description='Rate 1:'),
        IntSlider(min=1, max=10, step=1, value=rate_2, description='Rate 2:'),
        IntSlider(min=1, max=20, step=1, value=magnitude_1, description='Magnitude 1:'),
        IntSlider(min=1, max=20, step=1, value=magnitude_2, description='Magnitude 2:'),
        FloatSlider(min=0, max=1, step=0.01, value=switchiness, description='Switchiness:'),
        IntSlider(min=10, max=1000, step=1, value=timeSteps, description='Time Steps:'),
        IntSlider(min=1, max=1000, step=1, value=summed_magnitude_1, description='Base mag 1:'),
        IntSlider(min=1, max=1000, step=1, value=summed_magnitude_2, description='Base mag 2:'),
        IntSlider(min=1, max=1000, step=1, value=timeSteps_1, description='Base time 1:'),
        IntSlider(min=1, max=1000, step=1, value=timeSteps_2, description='Base time 2:')
        # if slider labels get cut off, can use this style=style at the end to make wider. 
        # aesthetically more pleasing to just make the text short enough to fit
        #FloatSlider(min=1, max=1000, step=1, value=timeSteps_2, description='Base time 2:', style=style)
    ]
    return sliders

#  (it had to be defined and executed after you called the plot updating 
# function, so I put the definition for reset_values() and calling reset_button after 
# defining update_plot and before creating the interactive widget).
 
def main():
    """
        The *main* function is what will be executed by default given the last line 
        (take a look)
    """
    
    # Define initial [and default] values for the parameters
    rate_1 = 2
    rate_2 = 4 
    magnitude_1 = 10
    magnitude_2 = 10
    switchiness = 0.5
    timeSteps = 100
    summed_magnitude_1 = 100
    summed_magnitude_2 = 100
    timeSteps_1 = 100
    timeSteps_2 = 100

    slider_defaults = [rate_1, rate_2, magnitude_1, magnitude_2, switchiness, timeSteps, 
                       summed_magnitude_1, summed_magnitude_2, timeSteps_1, timeSteps_2]
    
    # Create the sliders
    sliders = create_sliders(*slider_defaults)
    #sliders = create_sliders(rate_1, rate_2, magnitude_1, magnitude_2, switchiness, timeSteps, summed_magnitude_1, summed_magnitude_2, timeSteps_1, timeSteps_2)

    # Create the "Reset" button and set its on_click event to reset_values function
    reset_button = Button(description="Reset")
    reset_button.on_click(lambda b: reset_values(b, sliders, slider_defaults))


    
    # Initialize the graphs
    layout = go.Layout(autosize=False, width=700, height=500, font=dict(size=16), showlegend=True)

    # GRAPH 1
    graph1 = go.FigureWidget(layout=layout)
    graph1.add_trace(go.Scatter(name="Source 1"))
    graph1.add_trace(go.Scatter(name="Source 2"))
#    graph1.update_layout(title_text="Prevalence", xaxis_title="Time Step", yaxis_title="Prevalence", legend=dict(x=0.8, y=0.9, font=dict(size=14)))
    graph1.update_layout(title_text="Prevalence", xaxis_title="Time Step", yaxis_title="Prevalence", legend=dict(font=dict(size=14, color="black")))

    # GRAPH 2
    graph2 = go.FigureWidget(layout=layout)
    graph2.add_trace(go.Scatter(name="Source 1"))
    graph2.add_trace(go.Scatter(name="Source 2"))
    graph2.update_layout(title_text="Duck Distribution", xaxis_title="Time Step", yaxis_title="Duck Distribution")

    # LABELS WILL DISPLAY UPDATED VALUES
    expected_ratio_label = Label(value="Expected ratio: ")
    actual_ratio_label = Label(value="Actual ratio: ")
    discrepancy_label = Label(value="Discrepancy: ")
    duck_proportion_label = Label(value="Duck proportion at source 1: ")
    advice_label = Label(value="\n --- click the Play control for this cell to reset ---")
    magnitude_1_label = Label(value="Current Mag1: ")
    magnitude_2_label = Label(value="Current Mag2: ")
    prevalence_1_label = Label(value="Current Prev1: ")
    prevalence_2_label = Label(value="Current Prev2: ")
    duckDistribution_1_label = Label(value="Current DuckDist1: ")
    duckDistribution_2_label = Label(value="Current DuckDist2: ")


    # Function to update the plots
    def update_plot(rate_1, rate_2, magnitude_1, magnitude_2, switchiness, timeSteps, summed_magnitude_1, summed_magnitude_2, timeSteps_1, timeSteps_2):
        prevalence_1, prevalence_2, duckDistribution_1, duckDistribution_2 = \
            simulation(switchiness, rate_1, rate_2, magnitude_1, magnitude_2, summed_magnitude_1, summed_magnitude_2, timeSteps_1, timeSteps_2, int(timeSteps))
        x_values = np.arange(int(timeSteps))

        # calculate the theoretically expected ratio
        expected_ratio = (magnitude_1/rate_1) / ((magnitude_1/rate_1) + (magnitude_2/rate_2))
        
        # calcuate the actual ratio...
        actual_ratio = duckDistribution_1[-1]
        
        # and the difference between expected and actual
        discrepancy = abs(actual_ratio - expected_ratio)

        # graph update instrucions
        with graph1.batch_update():
            graph1.data[0].x = x_values
            graph1.data[0].y = prevalence_1
            graph1.data[1].x = x_values
            graph1.data[1].y = prevalence_2
            showlegend=True

        with graph2.batch_update():
            graph2.data[0].x = x_values
            graph2.data[0].y = duckDistribution_1
            graph2.data[1].x = x_values
            graph2.data[1].y = duckDistribution_2

        # print 'labels'    
        expected_ratio_label.value = "Expected ratio: {:.3f}".format(expected_ratio)
        actual_ratio_label.value = "Actual ratio:  {:.3f}".format(actual_ratio)
        discrepancy_label.value = "Discrepancy:  {:.3f}".format(discrepancy)
        duck_proportion_label.value = "Duck proportion at source 1: {:.3f}".format(duckDistribution_1[-1])
        magnitude_1_label.value = f"CurMag1: {magnitude_1}"
        magnitude_2_label.value = f"CurMag2: {magnitude_2}"
        prevalence_1_label.value = f"CurPrev1: {prevalence_1[-1]:.3f}"
        prevalence_2_label.value = f"CurPrev2: {prevalence_2[-1]:.3f}"
        duckDistribution_1_label.value = f"CurDuckDis1: {duckDistribution_1[-1]:.3f}"
        duckDistribution_2_label.value = f"CurDuckDis2: {duckDistribution_2[-1]:.3f}"
        advice_label.value = "\n ### click the Play control for this cell to reset ###"
        
    
    def reset_values(button, sliders, defaults):
        """Reset the interactive widgets to their default values."""
        for slider, default in zip(sliders, defaults):
            slider.value = default
        # Force the update
        update_plot(*[slider.value for slider in sliders])
        # Create the interactive widget
   
 
    # Create the interactive widget
    widget = interactive(update_plot, 
                         rate_1=sliders[0], 
                         rate_2=sliders[1], 
                         magnitude_1=sliders[2], 
                         magnitude_2=sliders[3], 
                         switchiness=sliders[4], 
                         timeSteps=sliders[5], 
                         summed_magnitude_1=sliders[6], 
                         summed_magnitude_2=sliders[7], 
                         timeSteps_1=sliders[8], 
                         timeSteps_2=sliders[9])

    # Display the sliders, labels and plots
    #display(VBox([widget, HBox([expected_ratio_label, actual_ratio_label, discrepancy_label, advice_label]), HBox([graph1, graph2])]))
    display(reset_button)
    display(VBox([widget, 
              HBox([expected_ratio_label, actual_ratio_label, discrepancy_label, advice_label]), 
              HBox([magnitude_1_label, magnitude_2_label, prevalence_1_label, prevalence_2_label, duckDistribution_1_label, duckDistribution_2_label]),
              HBox([graph1, graph2])]))


# Run the main function


main()

------------------


[1;31m---------------------------------------------------------------------------[0m
[1;31mRuntimeError[0m                              Traceback (most recent call last)
File [1;32m~\anaconda3\Lib\site-packages\matplotlib\backends\registry.py:413[0m, in [0;36mBackendRegistry.resolve_gui_or_backend[1;34m(self, gui_or_backend)[0m
[0;32m    412[0m [38;5;28;01mtry[39;00m:
[1;32m--> 413[0m     [38;5;28;01mreturn[39;00m [38;5;28mself[39m[38;5;241m.[39mresolve_backend(gui_or_backend)
[0;32m    414[0m [38;5;28;01mexcept[39;00m [38;5;167;01mException[39;00m:  [38;5;66;03m# KeyError ?[39;00m

File [1;32m~\anaconda3\Lib\site-packages\matplotlib\backends\registry.py:375[0m, in [0;36mBackendRegistry.resolve_backend[1;34m(self, backend)[0m
[0;32m    374[0m [38;5;28;01mif[39;00m gui [38;5;129;01mis[39;00m [38;5;28;01mNone[39;00m:
[1;32m--> 375[0m     [38;5;28;01mraise[39;00m [38;5;167;01mRuntimeError[39;00m([38;5;124mf[39m[38;5;124m"[39m[38;5;124m'[39m[38;5;132;01m{[39;00mbackend[38;5;132;01m}[39;00m[38;5;124m'[39m[38;5;124m is not a recognised backend name[39m[38;5;124m"[39m)
[0;32m    377[0m [38;5;28;01mreturn[39;00m backend, gui [38;5;28;01mif[39;00m gui [38;5;241m!=[39m [38;5;124m"[39m[38;5;124mheadless[39m[38;5;124m"[39m [38;5;28;01melse[39;00m [38;5;28;01mNone[39;00m

[1;31mRuntimeError[0m: 'widget' is not a recognised backend name

During handling of the above exception, another exception occurred:

[1;31mRuntimeError[0m                              Traceback (most recent call last)
Cell [1;32mIn[1], line 4[0m
[0;32m      1[0m [38;5;66;03m# First, we import all the things we need[39;00m
[0;32m      2[0m 
[0;32m      3[0m [38;5;66;03m# enable animation in jupyter [39;00m
[1;32m----> 4[0m get_ipython()[38;5;241m.[39mrun_line_magic([38;5;124m'[39m[38;5;124mmatplotlib[39m[38;5;124m'[39m, [38;5;124m'[39m[38;5;124mwidget[39m[38;5;124m'[39m)
[0;32m      6[0m [38;5;28;01mimport[39;00m [38;5;21;01mnumpy[39;00m [38;5;28;01mas[39;00m [38;5;21;01mnp[39;00m [38;5;66;03m# numeric tools[39;00m
[0;32m      7[0m [38;5;28;01mimport[39;00m [38;5;21;01mplotly[39;00m[38;5;21;01m.[39;00m[38;5;21;01mgraph_objs[39;00m [38;5;28;01mas[39;00m [38;5;21;01mgo[39;00m [38;5;66;03m# special features for graphing [39;00m

File [1;32m~\anaconda3\Lib\site-packages\IPython\core\interactiveshell.py:2480[0m, in [0;36mInteractiveShell.run_line_magic[1;34m(self, magic_name, line, _stack_depth)[0m
[0;32m   2478[0m     kwargs[[38;5;124m'[39m[38;5;124mlocal_ns[39m[38;5;124m'[39m] [38;5;241m=[39m [38;5;28mself[39m[38;5;241m.[39mget_local_scope(stack_depth)
[0;32m   2479[0m [38;5;28;01mwith[39;00m [38;5;28mself[39m[38;5;241m.[39mbuiltin_trap:
[1;32m-> 2480[0m     result [38;5;241m=[39m fn([38;5;241m*[39margs, [38;5;241m*[39m[38;5;241m*[39mkwargs)
[0;32m   2482[0m [38;5;66;03m# The code below prevents the output from being displayed[39;00m
[0;32m   2483[0m [38;5;66;03m# when using magics with decorator @output_can_be_silenced[39;00m
[0;32m   2484[0m [38;5;66;03m# when the last Python token in the expression is a ';'.[39;00m
[0;32m   2485[0m [38;5;28;01mif[39;00m [38;5;28mgetattr[39m(fn, magic[38;5;241m.[39mMAGIC_OUTPUT_CAN_BE_SILENCED, [38;5;28;01mFalse[39;00m):

File [1;32m~\anaconda3\Lib\site-packages\IPython\core\magics\pylab.py:103[0m, in [0;36mPylabMagics.matplotlib[1;34m(self, line)[0m
[0;32m     98[0m     [38;5;28mprint[39m(
[0;32m     99[0m         [38;5;124m"[39m[38;5;124mAvailable matplotlib backends: [39m[38;5;132;01m%s[39;00m[38;5;124m"[39m
[0;32m    100[0m         [38;5;241m%[39m _list_matplotlib_backends_and_gui_loops()
[0;32m    101[0m     )
[0;32m    102[0m [38;5;28;01melse[39;00m:
[1;32m--> 103[0m     gui, backend [38;5;241m=[39m [38;5;28mself[39m[38;5;241m.[39mshell[38;5;241m.[39menable_matplotlib(args[38;5;241m.[39mgui)
[0;32m    104[0m     [38;5;28mself[39m[38;5;241m.[39m_show_matplotlib_backend(args[38;5;241m.[39mgui, backend)

File [1;32m~\anaconda3\Lib\site-packages\IPython\core\interactiveshell.py:3665[0m, in [0;36mInteractiveShell.enable_matplotlib[1;34m(self, gui)[0m
[0;32m   3662[0m     [38;5;28;01mimport[39;00m [38;5;21;01mmatplotlib_inline[39;00m[38;5;21;01m.[39;00m[38;5;21;01mbackend_inline[39;00m
[0;32m   3664[0m [38;5;28;01mfrom[39;00m [38;5;21;01mIPython[39;00m[38;5;21;01m.[39;00m[38;5;21;01mcore[39;00m [38;5;28;01mimport[39;00m pylabtools [38;5;28;01mas[39;00m pt
[1;32m-> 3665[0m gui, backend [38;5;241m=[39m pt[38;5;241m.[39mfind_gui_and_backend(gui, [38;5;28mself[39m[38;5;241m.[39mpylab_gui_select)
[0;32m   3667[0m [38;5;28;01mif[39;00m gui [38;5;241m!=[39m [38;5;28;01mNone[39;00m:
[0;32m   3668[0m     [38;5;66;03m# If we have our first gui selection, store it[39;00m
[0;32m   3669[0m     [38;5;28;01mif[39;00m [38;5;28mself[39m[38;5;241m.[39mpylab_gui_select [38;5;129;01mis[39;00m [38;5;28;01mNone[39;00m:

File [1;32m~\anaconda3\Lib\site-packages\IPython\core\pylabtools.py:349[0m, in [0;36mfind_gui_and_backend[1;34m(gui, gui_select)[0m
[0;32m    347[0m [38;5;28;01melse[39;00m:
[0;32m    348[0m     gui [38;5;241m=[39m _convert_gui_to_matplotlib(gui)
[1;32m--> 349[0m     backend, gui [38;5;241m=[39m backend_registry[38;5;241m.[39mresolve_gui_or_backend(gui)
[0;32m    351[0m gui [38;5;241m=[39m _convert_gui_from_matplotlib(gui)
[0;32m    352[0m [38;5;28;01mreturn[39;00m gui, backend

File [1;32m~\anaconda3\Lib\site-packages\matplotlib\backends\registry.py:415[0m, in [0;36mBackendRegistry.resolve_gui_or_backend[1;34m(self, gui_or_backend)[0m
[0;32m    413[0m     [38;5;28;01mreturn[39;00m [38;5;28mself[39m[38;5;241m.[39mresolve_backend(gui_or_backend)
[0;32m    414[0m [38;5;28;01mexcept[39;00m [38;5;167;01mException[39;00m:  [38;5;66;03m# KeyError ?[39;00m
[1;32m--> 415[0m     [38;5;28;01mraise[39;00m [38;5;167;01mRuntimeError[39;00m(
[0;32m    416[0m         [38;5;124mf[39m[38;5;124m"[39m[38;5;124m'[39m[38;5;132;01m{[39;00mgui_or_backend[38;5;132;01m}[39;00m[38;5;124m is not a recognised GUI loop or backend name[39m[38;5;124m"[39m)

[1;31mRuntimeError[0m: 'widget is not a recognised GUI loop or backend name

